<?xml version="1.0" encoding="UTF-8" ?>
<testsuite errors="0" failures="3" hostname="pci071" name="ClassesTeste.UtilizadorTest" tests="3" time="0.063" timestamp="2009-03-26T14:37:17">
  <properties>
    <property name="netbeans.autoupdate.country" value="PT" />
    <property name="javac.test.classpath" value="..\..\downloads\sqlitejdbc-v054.jar:X:\downloads\instinct-0.1.9\instinct-0.1.9.jar:..\..\downloads\jbehave-core-2.1.1.jar:build/classes:C:\Program Files\NetBeans 6.5\platform9\modules\ext\junit-4.5.jar" />
    <property name="libs.JavaFXUserLib.src" value="" />
    <property name="libs.DataBindingME.src" value="" />
    <property name="libs.j2me_ant_ext.javadoc" value="" />
    <property name="org.openide.TopManager.GUI" value="true" />
    <property name="libs.theme-default.classpath" value="C:\Program Files\NetBeans 6.5\visualweb2\modules\ext\defaulttheme.jar" />
    <property name="libs.proguard.javadoc" value="" />
    <property name="libs.spring-portlet-lib.src" value="" />
    <property name="libs.junit.javadoc" value="C:\Program Files\NetBeans 6.5\java2\docs\junit-3.8.2-api.zip" />
    <property name="libs.nsicom-ant-utils.src" value="" />
    <property name="libs.nokiaS80-ant-utils.javadoc" value="" />
    <property name="ant.core.lib" value="C:\Program Files\NetBeans 6.5\java2\ant\lib\ant.jar" />
    <property name="libs.swing-app-framework.src" value="" />
    <property name="libs.jakarta_slide_ant_webdav.javadoc" value="" />
    <property name="javadoc.windowtitle" value="" />
    <property name="libs.toplink.classpath" value="C:\Program Files\NetBeans 6.5\java2\modules\ext\toplink\toplink-essentials.jar;C:\Program Files\NetBeans 6.5\java2\modules\ext\toplink\toplink-essentials-agent.jar" />
    <property name="user.dir" value="X:\NetBeans\PPROG-SMT" />
    <property name="libs.theme-default-green.classpath" value="C:\Program Files\NetBeans 6.5\visualweb2\modules\ext\defaulttheme-green.jar" />
    <property name="libs.hibernate-persistence.javadoc" value="" />
    <property name="libs.JMUnit4CLDC10.javadoc" value="C:\Program Files\NetBeans 6.5\mobility8\modules\docs\jmunit-1.2.1-api.zip" />
    <property name="java.vm.version" value="11.0-b16" />
    <property name="libs.DataBindingME.classpath" value="C:\Program Files\NetBeans 6.5\mobility8\modules\ext\netbeans_databindingme.jar" />
    <property name="libs.jstl11.maven-pom" value="" />
    <property name="libs.nsicom-ant-utils.classpath" value="C:\Program Files\NetBeans 6.5\mobility8\ant\nblib\org-netbeans-modules-j2me-cdc-project-nsicom.jar" />
    <property name="libs.MySQLDriver.classpath" value="C:\Program Files\NetBeans 6.5\ide10\modules\ext\mysql-connector-java-5.1.6-bin.jar" />
    <property name="libs.jstl11.src" value="" />
    <property name="javadoc.notree" value="false" />
    <property name="netbeans.autoupdate.version" value="1.23" />
    <property name="libs.DataBindingME-PIM.maven-pom" value="" />
    <property name="libs.hibernate-support.maven-pom" value="" />
    <property name="libs.hibernate-support.javadoc" value="" />
    <property name="libs.exceptionhandler-runtime.maven-pom" value="" />
    <property name="libs.NetBeans MIDP Components.maven-pom" value="" />
    <property name="jdk.home" value="C:\Program Files\Java\jdk1.6.0_11" />
    <property name="libs.Portlet-2.0-Lib.classpath" value="C:\Program Files\NetBeans 6.5\enterprise5\modules\ext\portalpack\portlet-api-2.0.jar;C:\Program Files\NetBeans 6.5\enterprise5\modules\ext\portalpack\portlettaglib.jar" />
    <property name="libs.javac-api.src" value="" />
    <property name="javadoc.noindex" value="false" />
    <property name="libs.theme-default-green.runtime" value="C:\Program Files\NetBeans 6.5\visualweb2\modules\ext\defaulttheme-green.jar" />
    <property name="sun.os.patch.level" value="Service Pack 3" />
    <property name="libs.theme-default-gray.runtime" value="C:\Program Files\NetBeans 6.5\visualweb2\modules\ext\defaulttheme-gray.jar" />
    <property name="libs.jsf-portlet-runtime.maven-pom" value="" />
    <property name="java.vm.specification.name" value="Java Virtual Machine Specification" />
    <property name="libs.semc-ant-utils.classpath" value="C:\Program Files\NetBeans 6.5\mobility8\modules\ext\org-netbeans-modules-j2me-cdc-project-semc.jar" />
    <property name="nb.show.statistics.ui" value="usageStatisticsEnabled" />
    <property name="libs.jsf-extensions.maven-pom" value="" />
    <property name="libs.jdbcsupport-runtime.classpath" value="C:\Program Files\NetBeans 6.5\visualweb2\modules\ext\sqlx.jar" />
    <property name="libs.nokiadeployment.classpath" value="C:\Program Files\NetBeans 6.5\mobility8\modules\org-netbeans-modules-mobility-deployment-nokia.jar" />
    <property name="netbeans.autoupdate.variant" value="" />
    <property name="have.tests" value="true" />
    <property name="libs.nokiaS80-ant-utils.maven-pom" value="" />
    <property name="libs.jdbcsupport-designtime.classpath" value="C:\Program Files\NetBeans 6.5\visualweb2\modules\ext\sqlx.jar" />
    <property name="org.xml.sax.driver" value="com.sun.org.apache.xerces.internal.jaxp.SAXParserImpl$JAXPSAXParser" />
    <property name="libs.nb_svg_midp_components.src" value="C:\Program Files\NetBeans 6.5\mobility8\sources\nb_svg_midp_components-src.zip" />
    <property name="libs.NetBeans MIDP Components WMA.src" value="C:\Program Files\NetBeans 6.5\mobility8\sources\netbeans_midp_components_wma-src.zip" />
    <property name="libs.javac-api.javadoc" value="" />
    <property name="os.name" value="Windows XP" />
    <property name="libs.beans-binding.classpath" value="C:\Program Files\NetBeans 6.5\java2\modules\ext\beansbinding-1.2.1.jar" />
    <property name="libs.jsf-portlet-runtime.javadoc" value="" />
    <property name="libs.Portlet-2.0-Lib.javadoc" value="C:\Program Files\NetBeans 6.5\enterprise5\modules\ext\portalpack\portlet-api-2.0-doc.jar" />
    <property name="libs.DataBindingME-SVG.javadoc" value="C:\Program Files\NetBeans 6.5\mobility8\modules\docs\netbeans_databindingme_svg-api.zip" />
    <property name="libs.restapi.javadoc" value="C:\Program Files\NetBeans 6.5\enterprise5\docs\jsr311-api-doc.zip" />
    <property name="libs.JWSAntTasks.maven-pom" value="" />
    <property name="rave.build" value="thresher-fcs" />
    <property name="libs.restapi.classpath" value="C:\Program Files\NetBeans 6.5\enterprise5\modules\ext\rest\jsr311-api.jar" />
    <property name="source.reference.instinct-0.1.9.jar" value="../../downloads/instinct-0.1.9/instinct-0.1.9-sources.jar" />
    <property name="java.vendor.url.bug" value="http://java.sun.com/cgi-bin/bugreport.cgi" />
    <property name="libs.Comet-GlassFish-V3.classpath" value="C:\Program Files\glassfish-v3-prelude\glassfish\modules\grizzly-module.jar" />
    <property name="libs.nsicom-ant-utils.javadoc" value="" />
    <property name="libs.jaxb.maven-pom" value="" />
    <property name="os.arch" value="x86" />
    <property name="user.name" value="i060516" />
    <property name="libs.jsf12.javadoc" value="C:\Program Files\NetBeans 6.5\enterprise5\docs\javaee5-doc-api.zip" />
    <property name="manifest.available+main.class" value="true" />
    <property name="libs.jsf-portlet-runtime-1.2.classpath" value="C:\Program Files\NetBeans 6.5\enterprise5\modules\ext\portalpack\jsfportletbridge\ajsf-portlet-1.2.3.jar" />
    <property name="libs.swing-layout.maven-pom" value="" />
    <property name="build.classes.dir" value="build/classes" />
    <property name="netbeans.accept_license_class" value="org.netbeans.license.AcceptLicense" />
    <property name="build.sysclasspath" value="ignore" />
    <property name="libs.jaxws21.javadoc" value="C:\Program Files\NetBeans 6.5\java2\docs\jaxws-2_1-api-doc.zip" />
    <property name="libs.Portlet-1.0-Lib.javadoc" value="C:\Program Files\NetBeans 6.5\enterprise5\modules\ext\portalpack\portlet-api-1.0-doc.jar" />
    <property name="includes" value="**" />
    <property name="libs.jsf-portlet-runtime-1.1.classpath" value="C:\Program Files\NetBeans 6.5\enterprise5\modules\ext\portalpack\jsfportletbridge\ajsf-portlet-1.1.5.jar" />
    <property name="platforms.default_fx_platform.java" value="C:\Program Files\Java\jdk1.6.0_11\bin\java.exe" />
    <property name="user.country" value="PT" />
    <property name="manifest.file" value="manifest.mf" />
    <property name="libs.spring-portlet-lib.classpath" value="C:\Program Files\NetBeans 6.5\enterprise5\modules\ext\portalpack\spring-webmvc-portlet-2.5.jar" />
    <property name="libs.jstl11.javadoc" value="C:\Program Files\NetBeans 6.5\enterprise5\docs\javaee5-doc-api.zip" />
    <property name="libs.JMUnit4CLDC11.src" value="" />
    <property name="javadoc.encoding" value="UTF-8" />
    <property name="javac.classpath" value="..\..\downloads\sqlitejdbc-v054.jar:X:\downloads\instinct-0.1.9\instinct-0.1.9.jar:..\..\downloads\jbehave-core-2.1.1.jar" />
    <property name="libs.jsfsupport-designtime.javadoc" value="C:\Program Files\NetBeans 6.5\visualweb2\docs\appbase-doc.zip;C:\Program Files\NetBeans 6.5\visualweb2\docs\dataprovider-doc.zip;C:\Program Files\NetBeans 6.5\visualweb2\docs\jsfcl-doc.zip" />
    <property name="libs.JAVADB_DRIVER_LABEL.src" value="" />
    <property name="libs.Portlet-1.0-Lib.classpath" value="C:\Program Files\NetBeans 6.5\enterprise5\modules\ext\portalpack\portlet-api-1.0.jar;C:\Program Files\NetBeans 6.5\enterprise5\modules\ext\portalpack\portlettaglib.jar" />
    <property name="libs.bdj-ant-utils.src" value="" />
    <property name="debug-transport" value="dt_shmem" />
    <property name="netbeans.system_http_non_proxy_hosts" value="" />
    <property name="netbeans.home" value="C:\Program Files\NetBeans 6.5\platform9" />
    <property name="libs.spring-portlet-lib.javadoc" value="" />
    <property name="build.compiler.emacs" value="true" />
    <property name="libs.ejb3-persistence.src" value="" />
    <property name="libs.nokiaS80-ant-utils.src" value="" />
    <property name="libs.jdbcsupport-runtime.javadoc" value="" />
    <property name="libs.cdc-pp-awt-layout.javadoc" value="" />
    <property name="libs.j2me_ant_ext.classpath" value="C:\Program Files\NetBeans 6.5\mobility8\modules\org-netbeans-modules-mobility-antext.jar;C:\Program Files\NetBeans 6.5\ide10\modules\org-netbeans-modules-classfile.jar" />
    <property name="java.endorsed.dirs" value="C:\Program Files\Java\jdk1.6.0_11\jre\lib\endorsed" />
    <property name="libs.groovy-all.src" value="" />
    <property name="netbeans.dynamic.classpath" value="C:\Program Files\NetBeans 6.5\platform9\core\core.jar;C:\Program Files\NetBeans 6.5\platform9\core\org-openide-filesystems.jar;C:\Program Files\NetBeans 6.5\platform9\core\locale\core_ja.jar;C:\Program Files\NetBeans 6.5\platform9\core\locale\core_pt_BR.jar;C:\Program Files\NetBeans 6.5\platform9\core\locale\core_zh_CN.jar;C:\Program Files\NetBeans 6.5\platform9\core\locale\org-openide-filesystems_ja.jar;C:\Program Files\NetBeans 6.5\platform9\core\locale\org-openide-filesystems_pt_BR.jar;C:\Program Files\NetBeans 6.5\platform9\core\locale\org-openide-filesystems_zh_CN.jar;C:\Program Files\NetBeans 6.5\nb6.5\core\org-netbeans-upgrader.jar;C:\Program Files\NetBeans 6.5\nb6.5\core\locale\core_nb.jar;C:\Program Files\NetBeans 6.5\nb6.5\core\locale\core_nb_ja.jar;C:\Program Files\NetBeans 6.5\nb6.5\core\locale\core_nb_pt_BR.jar;C:\Program Files\NetBeans 6.5\nb6.5\core\locale\core_nb_zh_CN.jar;C:\Program Files\NetBeans 6.5\nb6.5\core\locale\org-netbeans-upgrader_ja.jar;C:\Program Files\NetBeans 6.5\nb6.5\core\locale\org-netbeans-upgrader_pt_BR.jar;C:\Program Files\NetBeans 6.5\nb6.5\core\locale\org-netbeans-upgrader_zh_CN.jar" />
    <property name="libs.cdc-agui-swing-layout.maven-pom" value="" />
    <property name="libs.cdc-pp-awt-layout.src" value="C:\Program Files\NetBeans 6.5\mobility8\sources\cdc-pp-awt-layout-src.zip" />
    <property name="java.vm.specification.version" value="1.0" />
    <property name="libs.jakarta_slide_ant_webdav.src" value="" />
    <property name="libs.sjmc-ant-utils.maven-pom" value="" />
    <property name="libs.groovy-all.maven-pom" value="" />
    <property name="libs.JMUnit4CLDC10.maven-pom" value="" />
    <property name="org.glassfish.v3.installRoot" value="C:\Program Files\glassfish-v3-prelude" />
    <property name="libs.portlet-runtime.src" value="" />
    <property name="libs.hibernate-persistence.classpath" value="C:\Program Files\NetBeans 6.5\java2\modules\ext\hibernate\antlr-2.7.6.jar;C:\Program Files\NetBeans 6.5\java2\modules\ext\hibernate\asm.jar;C:\Program Files\NetBeans 6.5\java2\modules\ext\hibernate\asm-attrs.jar;C:\Program Files\NetBeans 6.5\java2\modules\ext\hibernate\cglib-2.1.3.jar;C:\Program Files\NetBeans 6.5\java2\modules\ext\hibernate\commons-collections-2.1.1.jar;C:\Program Files\NetBeans 6.5\ide10\modules\ext\commons-logging-1.1.jar;C:\Program Files\NetBeans 6.5\java2\modules\ext\hibernate\dom4j-1.6.1.jar;C:\Program Files\NetBeans 6.5\java2\modules\ext\hibernate\ehcache-1.2.3.jar;C:\Program Files\NetBeans 6.5\java2\modules\ext\hibernate\jdbc2_0-stdext.jar;C:\Program Files\NetBeans 6.5\java2\modules\ext\hibernate\jta.jar;C:\Program Files\NetBeans 6.5\java2\modules\ext\hibernate\hibernate3.jar;C:\Program Files\NetBeans 6.5\java2\modules\ext\hibernate\hibernate-tools.jar;C:\Program Files\NetBeans 6.5\java2\modules\ext\hibernate\hibernate-annotations.jar;C:\Program Files\NetBeans 6.5\java2\modules\ext\hibernate\hibernate-commons-annotations.jar;C:\Program Files\NetBeans 6.5\java2\modules\ext\hibernate\hibernate-entitymanager.jar;C:\Program Files\NetBeans 6.5\java2\modules\ext\hibernate\javassist.jar;C:\Program Files\NetBeans 6.5\java2\modules\ext\hibernate\ejb3-persistence.jar" />
    <property name="libs.jaxws21.src" value="" />
    <property name="application.title" value="PPROG-SMT" />
    <property name="platforms.Sun_Java_TM__Wireless_Toolkit_2_5_2_for_CLDC.preverifycommandline" value="" />
    <property name="libs.swing-app-framework.classpath" value="C:\Program Files\NetBeans 6.5\java2\modules\ext\appframework-1.0.3.jar;C:\Program Files\NetBeans 6.5\java2\modules\ext\swing-worker-1.1.jar" />
    <property name="netbeans.autoupdate.language" value="pt" />
    <property name="libs.jakarta_slide_ant_webdav.classpath" value="C:\Program Files\NetBeans 6.5\mobility8\modules\ext\commons-httpclient-3.0.1.jar;C:\Program Files\NetBeans 6.5\ide10\modules\ext\commons-logging-1.1.jar;C:\Program Files\NetBeans 6.5\mobility8\modules\ext\jdom-1.0.jar;C:\Program Files\NetBeans 6.5\mobility8\modules\ext\jakarta-slide-webdavlib-2.1.jar;C:\Program Files\NetBeans 6.5\mobility8\modules\ext\jakarta-slide-ant-webdav-2.1.jar" />
    <property name="org.netbeans.core.startup.specialResource" value="nullcom.sun.jdo.api.persistence.mapping.ejb" />
    <property name="java.vendor" value="Sun Microsystems Inc." />
    <property name="libs.JMUnit4CLDC10.src" value="" />
    <property name="javac.debug" value="true" />
    <property name="javadoc.splitindex" value="true" />
    <property name="file.separator" value="\" />
    <property name="libs.IdentityAntTasks.src" value="" />
    <property name="libs.ActiveSync.classpath" value="C:\Program Files\NetBeans 6.5\mobility8\modules\ext\nbactivesync-5.0.jar" />
    <property name="platforms.Sun_Java_TM__Wireless_Toolkit_2_5_2_for_CLDC.home" value="C:\Program Files\NetBeans 6.5\mobility8\WTK2.5.2" />
    <property name="libs.junit_4.maven-pom" value="" />
    <property name="netbeans.buildnumber" value="200811100001" />
    <property name="libs.JWSAntTasks.javadoc" value="" />
    <property name="user.variant" value="" />
    <property name="libs.webui-runtime.classpath" value="C:\Program Files\NetBeans 6.5\visualweb2\modules\ext\webui.jar;C:\Program Files\NetBeans 6.5\enterprise5\modules\ext\commons-fileupload-1.0.jar" />
    <property name="sun.java.launcher" value="SUN_STANDARD" />
    <property name="libs.junit.classpath" value="C:\Program Files\NetBeans 6.5\java2\modules\ext\junit-3.8.2.jar" />
    <property name="libs.jaxb.javadoc" value="" />
    <property name="libs.struts.classpath" value="C:\Program Files\NetBeans 6.5\enterprise5\modules\ext\struts\antlr.jar;C:\Program Files\NetBeans 6.5\enterprise5\modules\ext\struts\commons-beanutils.jar;C:\Program Files\NetBeans 6.5\enterprise5\modules\ext\struts\commons-digester.jar;C:\Program Files\NetBeans 6.5\enterprise5\modules\ext\struts\commons-logging.jar;C:\Program Files\NetBeans 6.5\enterprise5\modules\ext\struts\commons-validator.jar;C:\Program Files\NetBeans 6.5\enterprise5\modules\ext\struts\jakarta-oro.jar;C:\Program Files\NetBeans 6.5\enterprise5\modules\ext\struts\struts.jar;C:\Program Files\NetBeans 6.5\enterprise5\modules\ext\commons-fileupload-1.0.jar" />
    <property name="libs.woodstock-theme-default.classpath" value="C:\Program Files\NetBeans 6.5\visualweb2\modules\ext\webui-jsf-suntheme.jar" />
    <property name="ant.home" value="C:\Program Files\NetBeans 6.5\java2\ant" />
    <property name="libs.junit_4.src" value="C:\Program Files\NetBeans 6.5\java2\docs\junit-4.5-src.jar" />
    <property name="libs.ricoh-ant-utils.maven-pom" value="" />
    <property name="libs.absolutelayout.maven-pom" value="" />
    <property name="ant.java.version" value="1.6" />
    <property name="java.library.path" value="C:\Program Files\Java\jdk1.6.0_11\jre\bin;.;C:\WINDOWS\Sun\Java\bin;C:\WINDOWS\system32;C:\WINDOWS;C:\XEClient\bin;C:\GNAT\2008\bin;C:\WINDOWS\system32;C:\WINDOWS;C:\WINDOWS\System32\Wbem;c:\Program Files\Microsoft SQL Server\90\Tools\binn\;C:\Program Files\Clementine\9.0\bin\;C:\praxis7p6\bin;C:\Program Files\Microsoft SQL Server\100\Tools\Binn\;C:\Program Files\Microsoft SQL Server\100\DTS\Binn\;C:\Program Files\Microsoft SQL Server\100\Tools\Binn\VSShell\Common7\IDE\;C:\Program Files\Microsoft Visual Studio 9.0\Common7\IDE\PrivateAssemblies\;C:\WINDOWS\system32\WindowsPowerShell\v1.0;C:\Program Files\Rational\common;C:\Program Files\CVSNT\" />
    <property name="javadoc.author" value="false" />
    <property name="ant.file.PPROG-SMT" value="X:\NetBeans\PPROG-SMT\build.xml" />
    <property name="libs.IdentityAntTasks.classpath" value="C:\Program Files\NetBeans 6.5\identity2\ant\nblib\org-netbeans-modules-identity-ant.jar;C:\Program Files\NetBeans 6.5\identity2\modules\org-netbeans-modules-identity-profile-api.jar" />
    <property name="java.util.logging.config.class" value="org.netbeans.core.startup.TopLogging" />
    <property name="libs.PostgreSQLDriver.src" value="" />
    <property name="sun.arch.data.model" value="32" />
    <property name="basedir" value="X:\NetBeans\PPROG-SMT" />
    <property name="libs.jsf-portlet-runtime-1.2.javadoc" value="" />
    <property name="libs.ActiveSync.src" value="" />
    <property name="jar.compress" value="false" />
    <property name="libs.NetBeans MIDP Components PDA.src" value="C:\Program Files\NetBeans 6.5\mobility8\sources\netbeans_midp_components_pda-src.zip" />
    <property name="libs.jstl11.classpath" value="C:\Program Files\NetBeans 6.5\enterprise5\modules\ext\standard.jar;C:\Program Files\NetBeans 6.5\enterprise5\modules\ext\jstl.jar" />
    <property name="libs.JavaFXUserLib.classpath" value="C:\Program Files\NetBeans 6.5\javafx2\javafx-sdk\emulator\lib\cldc_1.0.jar;C:\Program Files\NetBeans 6.5\javafx2\javafx-sdk\emulator\lib\cldc_1.1.jar;C:\Program Files\NetBeans 6.5\javafx2\javafx-sdk\emulator\lib\jsr082_1.1.jar;C:\Program Files\NetBeans 6.5\javafx2\javafx-sdk\emulator\lib\jsr120_1.1.jar;C:\Program Files\NetBeans 6.5\javafx2\javafx-sdk\emulator\lib\jsr135_1.1.jar;C:\Program Files\NetBeans 6.5\javafx2\javafx-sdk\emulator\lib\jsr172_1.0-base.jar;C:\Program Files\NetBeans 6.5\javafx2\javafx-sdk\emulator\lib\jsr172_1.0-xmlrpc.jar;C:\Program Files\NetBeans 6.5\javafx2\javafx-sdk\emulator\lib\jsr172_1.0.jar;C:\Program Files\NetBeans 6.5\javafx2\javafx-sdk\emulator\lib\jsr177_1.0-apdu.jar;C:\Program Files\NetBeans 6.5\javafx2\javafx-sdk\emulator\lib\jsr177_1.0-crypto.jar;C:\Program Files\NetBeans 6.5\javafx2\javafx-sdk\emulator\lib\jsr177_1.0-jcrmi.jar;C:\Program Files\NetBeans 6.5\javafx2\javafx-sdk\emulator\lib\jsr177_1.0-pki.jar;C:\Program Files\NetBeans 6.5\javafx2\javafx-sdk\emulator\lib\jsr177_1.0.jar;C:\Program Files\NetBeans 6.5\javafx2\javafx-sdk\emulator\lib\jsr179_1.0.jar;C:\Program Files\NetBeans 6.5\javafx2\javafx-sdk\emulator\lib\jsr180_1.0.jar;C:\Program Files\NetBeans 6.5\javafx2\javafx-sdk\emulator\lib\jsr180_1.1.jar;C:\Program Files\NetBeans 6.5\javafx2\javafx-sdk\emulator\lib\jsr184_1.1.jar;C:\Program Files\NetBeans 6.5\javafx2\javafx-sdk\emulator\lib\jsr205_2.0.jar;C:\Program Files\NetBeans 6.5\javafx2\javafx-sdk\emulator\lib\jsr211_1.0.jar;C:\Program Files\NetBeans 6.5\javafx2\javafx-sdk\emulator\lib\jsr226_1.0.jar;C:\Program Files\NetBeans 6.5\javafx2\javafx-sdk\emulator\lib\jsr234_1.0.jar;C:\Program Files\NetBeans 6.5\javafx2\javafx-sdk\emulator\lib\jsr238_1.0.jar;C:\Program Files\NetBeans 6.5\javafx2\javafx-sdk\emulator\lib\jsr256_1.0.jar;C:\Program Files\NetBeans 6.5\javafx2\javafx-sdk\emulator\lib\jsr256_1.1.jar;C:\Program Files\NetBeans 6.5\javafx2\javafx-sdk\emulator\lib\jsr75_1.0.jar;C:\Program Files\NetBeans 6.5\javafx2\javafx-sdk\emulator\lib\midp_1.0.jar;C:\Program Files\NetBeans 6.5\javafx2\javafx-sdk\emulator\lib\midp_2.0.jar;C:\Program Files\NetBeans 6.5\javafx2\javafx-sdk\emulator\lib\midp_2.1.jar;C:\Program Files\NetBeans 6.5\javafx2\javafx-sdk\samples\SimpleVideoPlayer\webstart\lib\mediacomponent.jar" />
    <property name="path.separator" value=";" />
    <property name="com.sun.aas.installRoot" value="C:\Program Files\glassfish-v2ur2" />
    <property name="file.reference.jyaml-1.3.jar" value="../../downloads/jyaml-1.3.jar" />
    <property name="sun.io.unicode.encoding" value="UnicodeLittle" />
    <property name="libs.semc-ant-utils.javadoc" value="" />
    <property name="file.reference.instinct-0.1.9.jar" value="X:\downloads\instinct-0.1.9\instinct-0.1.9.jar" />
    <property name="libs.jaxws21.classpath" value="C:\Program Files\NetBeans 6.5\ide10\modules\ext\jaxb\activation.jar;C:\Program Files\NetBeans 6.5\ide10\modules\ext\jaxb\api\jaxb-api.jar;C:\Program Files\NetBeans 6.5\ide10\modules\ext\jaxb\jaxb-impl.jar;C:\Program Files\NetBeans 6.5\ide10\modules\ext\jaxb\jaxb-xjc.jar;C:\Program Files\NetBeans 6.5\ide10\modules\ext\jaxb\api\jsr173_api.jar;C:\Program Files\NetBeans 6.5\java2\modules\ext\jaxws21\FastInfoset.jar;C:\Program Files\NetBeans 6.5\java2\modules\ext\jaxws21\http.jar;C:\Program Files\NetBeans 6.5\java2\modules\ext\jaxws21\api\jaxws-api.jar;C:\Program Files\NetBeans 6.5\java2\modules\ext\jaxws21\jaxws-rt.jar;C:\Program Files\NetBeans 6.5\java2\modules\ext\jaxws21\jaxws-tools.jar;C:\Program Files\NetBeans 6.5\java2\modules\ext\jaxws21\api\jsr181-api.jar;C:\Program Files\NetBeans 6.5\java2\modules\ext\jaxws21\api\jsr250-api.jar;C:\Program Files\NetBeans 6.5\java2\modules\ext\jaxws21\mimepull.jar;C:\Program Files\NetBeans 6.5\java2\modules\ext\jaxws21\resolver.jar;C:\Program Files\NetBeans 6.5\java2\modules\ext\jaxws21\api\saaj-api.jar;C:\Program Files\NetBeans 6.5\java2\modules\ext\jaxws21\saaj-impl.jar;C:\Program Files\NetBeans 6.5\java2\modules\ext\jaxws21\sjsxp.jar;C:\Program Files\NetBeans 6.5\java2\modules\ext\jaxws21\stax-ex.jar;C:\Program Files\NetBeans 6.5\java2\modules\ext\jaxws21\streambuffer.jar" />
    <property name="libs.struts.src" value="" />
    <property name="compile.on.save" value="true" />
    <property name="user.language" value="pt" />
    <property name="libs.JavaFXUserLib.javadoc" value="C:\Program Files\NetBeans 6.5\javafx2\javafx-sdk\docs\api" />
    <property name="libs.dojo.scriptpath" value="C:\Program Files\NetBeans 6.5\webcommon1\modules\ext\javascript\dojo-1.1.1.zip" />
    <property name="libs.spring-framework.classpath" value="C:\Program Files\NetBeans 6.5\ide10\modules\ext\commons-logging-1.1.jar;C:\Program Files\NetBeans 6.5\java2\modules\ext\cglib-2.2.jar;C:\Program Files\NetBeans 6.5\java2\modules\ext\spring\spring-2.5.jar" />
    <property name="application.vendor" value="i060516" />
    <property name="manifest.available" value="true" />
    <property name="run.test.classpath" value="..\..\downloads\sqlitejdbc-v054.jar:X:\downloads\instinct-0.1.9\instinct-0.1.9.jar:..\..\downloads\jbehave-core-2.1.1.jar:build/classes:C:\Program Files\NetBeans 6.5\platform9\modules\ext\junit-4.5.jar:build/test/classes" />
    <property name="useJavaUtilZip" value="true" />
    <property name="libs.swing-layout.javadoc" value="C:\Program Files\NetBeans 6.5\platform9\docs\swing-layout-1.0.3-doc.zip" />
    <property name="libs.swing-app-framework.javadoc" value="C:\Program Files\NetBeans 6.5\java2\docs\appframework-1.0.3-doc.zip" />
    <property name="libs.ejb3-persistence.maven-pom" value="" />
    <property name="libs.proguard.classpath" value="C:\Program Files\NetBeans 6.5\mobility8\external\proguard\proguard4.2.jar" />
    <property name="libs.portlet-runtime.classpath" value="C:\Program Files\NetBeans 6.5\enterprise5\modules\ext\portalpack\jsfportletbridge\ajsf-portlet-1.2.3.jar" />
    <property name="libs.DataBindingME-SVG.classpath" value="C:\Program Files\NetBeans 6.5\mobility8\modules\ext\netbeans_databindingme_svg.jar" />
    <property name="https.nonProxyHosts" value="localhost|127.0.0.1|pci071" />
    <property name="libs.PostgreSQLDriver.maven-pom" value="" />
    <property name="java.class.version" value="50.0" />
    <property name="libs.JAVADB_DRIVER_LABEL.classpath" value="C:\Program Files\glassfish-v2ur2\javadb\lib\derby.jar;C:\Program Files\glassfish-v2ur2\javadb\lib\derbyclient.jar;C:\Program Files\glassfish-v2ur2\javadb\lib\derbynet.jar" />
    <property name="libs.cdc-ant-utils.classpath" value="C:\Program Files\NetBeans 6.5\mobility8\modules\ext\org-netbeans-modules-j2me-cdc-project.jar" />
    <property name="netbeans.system_http_proxy" value="DIRECT" />
    <property name="libs.NetBeans MIDP Components WMA.maven-pom" value="" />
    <property name="user.properties.file" value="C:\Documents and Settings\i060516\.netbeans\6.5\build.properties" />
    <property name="platforms.Sun_Java_TM__Wireless_Toolkit_2_5_2_for_CLDC.runcommandline" value="" />
    <property name="platforms.default_fx_platform.bootclasspath" value="C:\Program Files\NetBeans 6.5\javafx2\javafx-sdk\lib\shared\javafxc.jar;C:\Program Files\NetBeans 6.5\javafx2\javafx-sdk\lib\shared\javafxrt.jar;C:\Program Files\NetBeans 6.5\javafx2\javafx-sdk\lib\desktop\rt15.jar;C:\Program Files\NetBeans 6.5\javafx2\javafx-sdk\lib\desktop\javafx-swing.jar;C:\Program Files\NetBeans 6.5\javafx2\javafx-sdk\lib\desktop\javafxgui.jar;C:\Program Files\NetBeans 6.5\javafx2\javafx-sdk\lib\desktop\fxdloader.jar;C:\Program Files\NetBeans 6.5\javafx2\javafx-sdk\lib\desktop\websvc.jar;C:\Program Files\NetBeans 6.5\javafx2\javafx-sdk\lib\desktop\eula.jar;C:\Program Files\NetBeans 6.5\javafx2\javafx-sdk\lib\desktop\Decora-SSE.jar;C:\Program Files\NetBeans 6.5\javafx2\javafx-sdk\lib\desktop\Decora-D3D.jar;C:\Program Files\NetBeans 6.5\javafx2\javafx-sdk\lib\desktop\Decora-HW.jar;C:\Program Files\NetBeans 6.5\javafx2\javafx-sdk\lib\desktop\Decora-OGL.jar;C:\Program Files\NetBeans 6.5\javafx2\javafx-sdk\lib\desktop\Decora-JOGL.jar;C:\Program Files\NetBeans 6.5\javafx2\javafx-sdk\lib\desktop\Scenario.jar;C:\Program Files\NetBeans 6.5\javafx2\javafx-sdk\lib\desktop\gluegen-rt.jar;C:\Program Files\NetBeans 6.5\javafx2\javafx-sdk\lib\desktop\jmc.jar;C:\Program Files\NetBeans 6.5\javafx2\javafx-sdk\lib\desktop\jogl.jar;C:\Program Files\NetBeans 6.5\javafx2\javafx-sdk\lib\desktop\script-api.jar;C:\Program Files\NetBeans 6.5\javafx2\javafx-sdk\lib\mobile\javafxapi-cldc.jar;C:\Program Files\NetBeans 6.5\javafx2\javafx-sdk\lib\mobile\cldc_1.1.jar;C:\Program Files\NetBeans 6.5\javafx2\javafx-sdk\lib\mobile\midp_2.0.jar;C:\Program Files\NetBeans 6.5\javafx2\javafx-sdk\lib\mobile\jsr135_1.1.jar;C:\Program Files\NetBeans 6.5\javafx2\javafx-sdk\lib\mobile\jsr172_1.0.jar;C:\Program Files\NetBeans 6.5\javafx2\javafx-sdk\lib\mobile\jsr177_1.0.jar;C:\Program Files\NetBeans 6.5\javafx2\javafx-sdk\lib\mobile\jsr184_1.1.jar;C:\Program Files\NetBeans 6.5\javafx2\javafx-sdk\lib\mobile\jsr226_1.0.jar;C:\Program Files\NetBeans 6.5\javafx2\javafx-sdk\lib\mobile\jsr234_1.0.jar;C:\Program Files\NetBeans 6.5\javafx2\javafx-sdk\lib\mobile\jsr75_1.0.jar" />
    <property name="libs.EclipseLink-GlassFish-V3.classpath" value="C:\Program Files\glassfish-v3-prelude\glassfish\modules\org.eclipse.persistence.antlr.jar;C:\Program Files\glassfish-v3-prelude\glassfish\modules\org.eclipse.persistence.asm.jar;C:\Program Files\glassfish-v3-prelude\glassfish\modules\org.eclipse.persistence.core.jar;C:\Program Files\glassfish-v3-prelude\glassfish\modules\org.eclipse.persistence.jpa.jar;C:\Program Files\glassfish-v3-prelude\glassfish\modules\org.eclipse.persistence.oracle.jar;C:\Program Files\glassfish-v3-prelude\glassfish\modules\javax.persistence.jar" />
    <property name="libs.spring-framework.src" value="" />
    <property name="libs.javac-api.maven-pom" value="" />
    <property name="file.encoding.pkg" value="sun.io" />
    <property name="sun.cpu.endian" value="little" />
    <property name="libs.JWSAntTasks.classpath" value="C:\Program Files\NetBeans 6.5\java2\ant\extra\org-netbeans-modules-javawebstart-anttasks.jar" />
    <property name="libs.ant-contrib.classpath" value="C:\Program Files\NetBeans 6.5\mobility8\modules\ext\ant-contrib-1.0b3.jar" />
    <property name="platforms.default_fx_platform.compiler" value="modern" />
    <property name="libs.jsfsupport-designtime.classpath" value="C:\Program Files\NetBeans 6.5\visualweb2\modules\ext\jsfcl.jar;C:\Program Files\NetBeans 6.5\visualweb2\modules\ext\appbase.jar;C:\Program Files\NetBeans 6.5\visualweb2\modules\ext\dataprovider.jar;C:\Program Files\NetBeans 6.5\visualweb2\modules\ext\sqlx.jar" />
    <property name="libs.scriptaculous.scriptpath" value="C:\Program Files\NetBeans 6.5\webcommon1\modules\ext\javascript\scriptaculous-js-1.8.1.zip" />
    <property name="version-output" value="java version &quot;1.6" />
    <property name="javadoc.preview" value="true" />
    <property name="nbplatform.default.harness.dir" value="C:\Program Files\NetBeans 6.5/harness" />
    <property name="java.home" value="C:\Program Files\Java\jdk1.6.0_11\jre" />
    <property name="libs.ricoh-ant-utils.src" value="" />
    <property name="libs.spring-webmvc.src" value="" />
    <property name="libs.ant-contrib.javadoc" value="" />
    <property name="debug.test.classpath" value="..\..\downloads\sqlitejdbc-v054.jar:X:\downloads\instinct-0.1.9\instinct-0.1.9.jar:..\..\downloads\jbehave-core-2.1.1.jar:build/classes:C:\Program Files\NetBeans 6.5\platform9\modules\ext\junit-4.5.jar:build/test/classes" />
    <property name="netbeans.importclass" value="org.netbeans.upgrade.AutoUpgrade" />
    <property name="libs.webui-designtime.src" value="C:\Program Files\NetBeans 6.5\visualweb2\docs\webui-src.zip" />
    <property name="org.openide.TopManager" value="org.netbeans.core.NonGui" />
    <property name="libs.savaje-ant-utils.classpath" value="C:\Program Files\NetBeans 6.5\mobility8\modules\ext\org-netbeans-modules-j2me-cdc-project-savaje.jar" />
    <property name="libs.toplink.maven-pom" value="" />
    <property name="libs.DataBindingME.maven-pom" value="" />
    <property name="libs.PostgreSQLDriver.javadoc" value="" />
    <property name="libs.restlib.classpath" value="C:\Program Files\NetBeans 6.5\enterprise5\modules\ext\rest\jersey.jar;C:\Program Files\NetBeans 6.5\enterprise5\modules\ext\rest\http.jar;C:\Program Files\NetBeans 6.5\enterprise5\modules\ext\rest\wadl2java.jar;C:\Program Files\NetBeans 6.5\enterprise5\modules\ext\rest\rome-0.9.jar;C:\Program Files\NetBeans 6.5\enterprise5\modules\ext\rest\jdom-1.0.jar;C:\Program Files\NetBeans 6.5\enterprise5\modules\ext\rest\jettison-1.0-RC1.jar;C:\Program Files\NetBeans 6.5\enterprise5\modules\ext\rest\asm-3.1.jar;C:\Program Files\NetBeans 6.5\enterprise5\modules\ext\rest\grizzly-servlet-webserver-1.7.3.2.jar;C:\Program Files\NetBeans 6.5\enterprise5\modules\ext\rest\jersey-spring.jar;C:\Program Files\NetBeans 6.5\ide10\modules\ext\jaxb\activation.jar;C:\Program Files\NetBeans 6.5\ide10\modules\ext\jaxb\api\jaxb-api.jar;C:\Program Files\NetBeans 6.5\ide10\modules\ext\jaxb\jaxb-impl.jar;C:\Program Files\NetBeans 6.5\ide10\modules\ext\jaxb\jaxb-xjc.jar;C:\Program Files\NetBeans 6.5\ide10\modules\ext\jaxb\api\jsr173_api.jar" />
    <property name="libs.exceptionhandler-runtime.javadoc" value="" />
    <property name="libs.JMUnit4CLDC11.javadoc" value="C:\Program Files\NetBeans 6.5\mobility8\modules\docs\jmunit-1.2.1-api.zip" />
    <property name="libs.nsicom-ant-utils.maven-pom" value="" />
    <property name="libs.jsfsupport-runtime.classpath" value="C:\Program Files\NetBeans 6.5\visualweb2\modules\ext\jsfcl.jar;C:\Program Files\NetBeans 6.5\visualweb2\modules\ext\appbase.jar;C:\Program Files\NetBeans 6.5\visualweb2\modules\ext\dataprovider.jar;C:\Program Files\NetBeans 6.5\visualweb2\modules\ext\sqlx.jar" />
    <property name="libs.MySQLDriver.maven-pom" value="" />
    <property name="libs.Comet-GlassFish-V3.src" value="" />
    <property name="libs.savaje-ant-utils.src" value="" />
    <property name="http.nonProxyHosts" value="localhost|127.0.0.1|pci071" />
    <property name="libs.junit_4.javadoc" value="C:\Program Files\NetBeans 6.5\java2\docs\junit-4.5-api.zip" />
    <property name="libs.spring-webmvc.javadoc" value="" />
    <property name="libs.toplink.src" value="" />
    <property name="libs.cdc-pp-awt-layout.classpath" value="C:\Program Files\NetBeans 6.5\mobility8\modules\ext\cdc-pp-awt-layout.jar" />
    <property name="libs.webui.javadoc" value="C:\Program Files\NetBeans 6.5\visualweb2\docs\webui-doc.zip" />
    <property name="libs.cdc-agui-swing-layout.src" value="C:\Program Files\NetBeans 6.5\mobility8\sources\cdc-agui-swing-layout-src.zip" />
    <property name="libs.jsf12-support.javadoc" value="C:\Program Files\NetBeans 6.5\visualweb2\docs\appbase-doc.zip;C:\Program Files\NetBeans 6.5\visualweb2\docs\dataprovider-doc.zip;C:\Program Files\NetBeans 6.5\visualweb2\docs\jsfcl-doc.zip" />
    <property name="run.classpath" value="..\..\downloads\sqlitejdbc-v054.jar:X:\downloads\instinct-0.1.9\instinct-0.1.9.jar:..\..\downloads\jbehave-core-2.1.1.jar:build/classes" />
    <property name="libs.hibernate-support.src" value="" />
    <property name="libs.theme-default.runtime" value="C:\Program Files\NetBeans 6.5\visualweb2\modules\ext\defaulttheme.jar" />
    <property name="libs.Portlet-2.0-Lib.maven-pom" value="" />
    <property name="libs.JMUnit4CLDC11.classpath" value="C:\Program Files\NetBeans 6.5\mobility8\modules\ext\jmunit4cldc11-1.2.1.jar" />
    <property name="libs.nb_svg_midp_components.classpath" value="C:\Program Files\NetBeans 6.5\mobility8\modules\ext\nb_svg_midp_components.jar" />
    <property name="libs.NetBeans MIDP Components PDA.classpath" value="C:\Program Files\NetBeans 6.5\mobility8\modules\ext\netbeans_midp_components_pda.jar" />
    <property name="libs.semc-ant-utils.maven-pom" value="" />
    <property name="file.reference.SnakeYAML-1.1.jar" value="X:\downloads\SnakeYAML-1.1.jar" />
    <property name="libs.jdbcsupport-runtime.maven-pom" value="" />
    <property name="libs.nokiadeployment.maven-pom" value="" />
    <property name="libs.restapi.src" value="" />
    <property name="libs.NetBeans MIDP Components.javadoc" value="C:\Program Files\NetBeans 6.5\mobility8\modules\docs\netbeans_midp_components_basic-api.zip" />
    <property name="sun.management.compiler" value="HotSpot Client Compiler" />
    <property name="javac.deprecation" value="false" />
    <property name="javadoc.use" value="true" />
    <property name="libs.jdbcsupport-runtime.src" value="" />
    <property name="libs.jdbcsupport-designtime.maven-pom" value="" />
    <property name="libs.theme-default-gray.classpath" value="C:\Program Files\NetBeans 6.5\visualweb2\modules\ext\defaulttheme-gray.jar" />
    <property name="sun.java2d.noddraw" value="true" />
    <property name="platforms.Sun_Java_TM__Wireless_Toolkit_2_5_2_for_CLDC.type" value="UEI-1.0.1" />
    <property name="libs.spring-webmvc.classpath" value="C:\Program Files\NetBeans 6.5\enterprise5\modules\ext\spring\spring-webmvc-2.5.jar" />
    <property name="libs.jsf-portlet-runtime-1.2.src" value="" />
    <property name="javac.compilerargs" value="" />
    <property name="ant.file" value="X:\NetBeans\PPROG-SMT\build.xml" />
    <property name="libs.beans-binding.maven-pom" value="" />
    <property name="libs.bdj-ant-utils.classpath" value="C:\Program Files\NetBeans 6.5\mobility8\modules\ext\org-netbeans-modules-j2me-cdc-project-bdj.jar;C:\Program Files\NetBeans 6.5\mobility8\modules\ext\security.jar;C:\Program Files\NetBeans 6.5\mobility8\modules\ext\bdjo.jar;C:\Program Files\NetBeans 6.5\mobility8\modules\ext\bcprov-jdk15-139.jar" />
    <property name="libs.jsf12.classpath" value="C:\Program Files\NetBeans 6.5\enterprise5\modules\ext\jsf-1_2\commons-beanutils.jar;C:\Program Files\NetBeans 6.5\enterprise5\modules\ext\jsf-1_2\commons-collections.jar;C:\Program Files\NetBeans 6.5\enterprise5\modules\ext\jsf-1_2\commons-digester.jar;C:\Program Files\NetBeans 6.5\enterprise5\modules\ext\jsf-1_2\commons-logging.jar;C:\Program Files\NetBeans 6.5\enterprise5\modules\ext\jsf-1_2\jsf-api.jar;C:\Program Files\NetBeans 6.5\enterprise5\modules\ext\jsf-1_2\jsf-impl.jar" />
    <property name="sun.awt.exception.handler" value="org.netbeans.core.startup.TopLogging$AWTHandler" />
    <property name="libs.restapi.maven-pom" value="" />
    <property name="libs.beans-binding.src" value="" />
    <property name="libs.Comet-GlassFish-V3.maven-pom" value="" />
    <property name="libs.NetBeans MIDP Components PDA.javadoc" value="C:\Program Files\NetBeans 6.5\mobility8\modules\docs\netbeans_midp_components_pda-api.zip" />
    <property name="java.vm.specification.vendor" value="Sun Microsystems Inc." />
    <property name="libs.DataBindingME-PIM.javadoc" value="C:\Program Files\NetBeans 6.5\mobility8\modules\docs\netbeans_databindingme_pim-api.zip" />
    <property name="libs.swing-layout.src" value="C:\Program Files\NetBeans 6.5\platform9\docs\swing-layout-1.0.3-src.zip" />
    <property name="libs.webui.src" value="C:\Program Files\NetBeans 6.5\visualweb2\docs\webui-src.zip" />
    <property name="libs.j2me_ant_ext.src" value="" />
    <property name="org.openide.major.version" value="IDE/1" />
    <property name="java.vm.name" value="Java HotSpot(TM) Client VM" />
    <property name="netbeans.user" value="C:\Documents and Settings\i060516\.netbeans\6.5" />
    <property name="javadoc.additionalparam" value="" />
    <property name="libs.ricoh-ant-utils.classpath" value="C:\Program Files\NetBeans 6.5\mobility8\modules\ext\org-netbeans-modules-j2me-cdc-project-ricoh.jar;C:\Program Files\NetBeans 6.5\mobility8\modules\ext\RicohAntTasks-2.0.jar;C:\Program Files\NetBeans 6.5\mobility8\modules\ext\commons-httpclient-3.0.jar;C:\Program Files\NetBeans 6.5\ide10\modules\ext\commons-logging-1.1.jar;C:\Program Files\NetBeans 6.5\mobility8\modules\ext\commons-codec-1.3.jar" />
    <property name="java.io.tmpdir" value="C:\TEMP\" />
    <property name="java.vendor.url" value="http://java.sun.com/" />
    <property name="libs.jsf-portlet-runtime-1.2.maven-pom" value="" />
    <property name="libs.prototype.scriptpath" value="C:\Program Files\NetBeans 6.5\webcommon1\modules\ext\javascript\prototype-1.6.0.2.zip" />
    <property name="jspc.classpath" value="C:\Program Files\NetBeans 6.5\java2\ant\lib\ant.jar:C:\Program Files\NetBeans 6.5\enterprise5\modules\ext\servlet2.5-jsp2.1-api.jar:${j2ee.platform.classpath}:C:\Program Files\NetBeans 6.5\enterprise5\modules\ext\glassfish-jspparser-2.0.jar:C:\Program Files\NetBeans 6.5\enterprise5\modules\ext\glassfish-logging-2.0.jar:C:\Program Files\NetBeans 6.5\ide10\modules\ext\commons-logging-1.1.jar:C:\Program Files\NetBeans 6.5\java2\ant\lib\ant-launcher.jar" />
    <property name="libs.jsf-extensions.src" value="" />
    <property name="sun.boot.library.path" value="C:\Program Files\Java\jdk1.6.0_11\jre\bin" />
    <property name="have.sources" value="true" />
    <property name="libs.woodstock-theme-default.runtime" value="C:\Program Files\NetBeans 6.5\visualweb2\modules\ext\webui-jsf-suntheme.jar" />
    <property name="debug.classpath" value="..\..\downloads\sqlitejdbc-v054.jar:X:\downloads\instinct-0.1.9\instinct-0.1.9.jar:..\..\downloads\jbehave-core-2.1.1.jar:build/classes" />
    <property name="javadoc.private" value="false" />
    <property name="file.reference.sqlitejdbc-v054.jar" value="..\..\downloads\sqlitejdbc-v054.jar" />
    <property name="test.src.dir" value="test" />
    <property name="libs.bdj-ant-utils.javadoc" value="" />
    <property name="libs.jsf-portlet-runtime-1.1.src" value="" />
    <property name="libs.Portlet-2.0-Lib.src" value="" />
    <property name="meta.inf.dir" value="src/META-INF" />
    <property name="libs.Comet-GlassFish-V3.javadoc" value="" />
    <property name="javadoc.encoding.used" value="UTF-8" />
    <property name="libs.DataBindingME-SVG.src" value="" />
    <property name="libs.Portlet-1.0-Lib.maven-pom" value="" />
    <property name="dist.jar" value="dist/PPROG-SMT.jar" />
    <property name="java.runtime.name" value="Java(TM) SE Runtime Environment" />
    <property name="netbeans.automatic.build" value="true" />
    <property name="ant.project.name" value="PPROG-SMT" />
    <property name="libs.Portlet-1.0-Lib.src" value="" />
    <property name="netbeans.hash.code" value="unique=NBEETOOLS_CND_FX_JAVA_MOB_PHP_RUBY_SJSAS_SOA_WEBCOMMON_WEBEE059262d23-b7c3-4075-8279-f0c2c9341d8b_5a5d3df7-887f-4140-9235-32b95f131d95" />
    <property name="libs.jdbcsupport-designtime.javadoc" value="" />
    <property name="sun.cpu.isalist" value="pentium_pro+mmx pentium_pro pentium+mmx pentium i486 i386 i86" />
    <property name="libs.j2me_ant_ext.maven-pom" value="" />
    <property name="libs.CopyLibs.javadoc" value="" />
    <property name="org.openide.specification.version" value="6.2" />
    <property name="libs.ActiveSync.javadoc" value="" />
    <property name="libs.DataBindingME-PIM.classpath" value="C:\Program Files\NetBeans 6.5\mobility8\modules\ext\netbeans_databindingme_pim.jar" />
    <property name="libs.hibernate-support.classpath" value="C:\Program Files\NetBeans 6.5\java2\modules\ext\hibernate\antlr-2.7.6.jar;C:\Program Files\NetBeans 6.5\java2\modules\ext\hibernate\asm.jar;C:\Program Files\NetBeans 6.5\java2\modules\ext\hibernate\asm-attrs.jar;C:\Program Files\NetBeans 6.5\java2\modules\ext\hibernate\cglib-2.1.3.jar;C:\Program Files\NetBeans 6.5\java2\modules\ext\hibernate\commons-collections-2.1.1.jar;C:\Program Files\NetBeans 6.5\ide10\modules\ext\commons-logging-1.1.jar;C:\Program Files\NetBeans 6.5\java2\modules\ext\hibernate\dom4j-1.6.1.jar;C:\Program Files\NetBeans 6.5\java2\modules\ext\hibernate\ehcache-1.2.3.jar;C:\Program Files\NetBeans 6.5\java2\modules\ext\hibernate\jdbc2_0-stdext.jar;C:\Program Files\NetBeans 6.5\java2\modules\ext\hibernate\jta.jar;C:\Program Files\NetBeans 6.5\java2\modules\ext\hibernate\hibernate3.jar;C:\Program Files\NetBeans 6.5\java2\modules\ext\hibernate\hibernate-tools.jar;C:\Program Files\NetBeans 6.5\java2\modules\ext\hibernate\hibernate-annotations.jar;C:\Program Files\NetBeans 6.5\java2\modules\ext\hibernate\hibernate-commons-annotations.jar;C:\Program Files\NetBeans 6.5\java2\modules\ext\hibernate\hibernate-entitymanager.jar;C:\Program Files\NetBeans 6.5\java2\modules\ext\hibernate\javassist.jar" />
    <property name="libs.exceptionhandler-runtime.classpath" value="C:\Program Files\NetBeans 6.5\visualweb2\modules\ext\errorhandler.jar" />
    <property name="user.home" value="C:\Documents and Settings\i060516" />
    <property name="debug-args-line" value="-Xdebug" />
    <property name="libs.NetBeans MIDP Components.classpath" value="C:\Program Files\NetBeans 6.5\mobility8\modules\ext\netbeans_midp_components_basic.jar" />
    <property name="libs.JWSAntTasks.src" value="" />
    <property name="libs.CopyLibs.maven-pom" value="" />
    <property name="libs.hibernate-persistence.maven-pom" value="" />
    <property name="libs.absolutelayout.javadoc" value="" />
    <property name="java.specification.name" value="Java Platform API Specification" />
    <property name="libs.swing-app-framework.maven-pom" value="" />
    <property name="libs.webui.classpath" value="C:\Program Files\NetBeans 6.5\visualweb2\modules\ext\webui.jar;C:\Program Files\NetBeans 6.5\enterprise5\modules\ext\commons-fileupload-1.0.jar" />
    <property name="libs.NetBeans MIDP Components WMA.classpath" value="C:\Program Files\NetBeans 6.5\mobility8\modules\ext\netbeans_midp_components_wma.jar" />
    <property name="libs.jakarta_slide_ant_webdav.maven-pom" value="" />
    <property name="libs.EclipseLink-GlassFish-V3.javadoc" value="C:\Program Files\NetBeans 6.5\enterprise5\docs\javaee5-doc-api.zip" />
    <property name="libs.yahooui.scriptpath" value="C:\Program Files\NetBeans 6.5\webcommon1\modules\ext\javascript\yui-2.5.2.zip" />
    <property name="libs.woodstock-components.classpath" value="C:\Program Files\NetBeans 6.5\visualweb2\modules\ext\webui-jsf.jar;C:\Program Files\NetBeans 6.5\enterprise5\modules\ext\commons-fileupload-1.0.jar;C:\Program Files\NetBeans 6.5\visualweb2\modules\ext\json-2.jar;C:\Program Files\NetBeans 6.5\visualweb2\modules\ext\jsf-extensions-common-0.1.jar;C:\Program Files\NetBeans 6.5\visualweb2\modules\ext\jsf-extensions-dynamic-faces-0.1.jar" />
    <property name="libs.jsf-portlet-runtime.classpath" value="C:\Program Files\NetBeans 6.5\enterprise5\modules\ext\portalpack\jsfportletbridge\ajsf-portlet-1.2.3.jar" />
    <property name="libs.sjmc-ant-utils.src" value="" />
    <property name="libs.jsf-extensions.javadoc" value="" />
    <property name="libs.jsf-extensions.classpath" value="C:\Program Files\NetBeans 6.5\visualweb2\modules\ext\jsf-extensions-dynamic-faces-0.1.jar;C:\Program Files\NetBeans 6.5\visualweb2\modules\ext\jsf-extensions-common-0.1.jar;C:\Program Files\NetBeans 6.5\enterprise5\modules\ext\jsf-1_2\commons-logging.jar;C:\Program Files\NetBeans 6.5\enterprise5\modules\ext\shale-remoting-1.0.4.jar" />
    <property name="java.specification.vendor" value="Sun Microsystems Inc." />
    <property name="libs.jdbcsupport-designtime.src" value="" />
    <property name="libs.cdc-agui-swing-layout.javadoc" value="" />
    <property name="libs.javac-api.classpath" value="C:\Program Files\NetBeans 6.5\java2\modules\ext\javac-api-nb-7.0-b07.jar" />
    <property name="java.version" value="1.6.0_11" />
    <property name="libs.nokiaS80-ant-utils.classpath" value="C:\Program Files\NetBeans 6.5\mobility8\modules\ext\org-netbeans-modules-j2me-cdc-project-nokiaS80.jar" />
    <property name="platforms.default_fx_platform.home" value="C:\Program Files\Java\jdk1.6.0_11" />
    <property name="javadoc.version" value="false" />
    <property name="libs.NetBeans MIDP Components WMA.javadoc" value="C:\Program Files\NetBeans 6.5\mobility8\modules\docs\netbeans_midp_components_wma-api.zip" />
    <property name="libs.MySQLDriver.javadoc" value="" />
    <property name="org.openide.version" value="deprecated" />
    <property name="source.encoding" value="UTF-8" />
    <property name="libs.ActiveSync.maven-pom" value="" />
    <property name="libs.portlet-runtime.javadoc" value="" />
    <property name="libs.junit.maven-pom" value="" />
    <property name="libs.jsf12-support.src" value="C:\Program Files\NetBeans 6.5\visualweb2\docs\appbase-src.zip;C:\Program Files\NetBeans 6.5\visualweb2\docs\dataprovider-src.zip;C:\Program Files\NetBeans 6.5\visualweb2\docs\jsfcl-src.zip" />
    <property name="libs.struts.maven-pom" value="" />
    <property name="netbeans.home+have.tests" value="true" />
    <property name="libs.jaxb.src" value="" />
    <property name="libs.IdentityAntTasks.maven-pom" value="" />
    <property name="libs.cdc-ant-utils.src" value="" />
    <property name="work.dir" value="X:\NetBeans\PPROG-SMT" />
    <property name="libs.jaxb.classpath" value="C:\Program Files\NetBeans 6.5\ide10\modules\ext\jaxb\activation.jar;C:\Program Files\NetBeans 6.5\ide10\modules\ext\jaxb\api\jaxb-api.jar;C:\Program Files\NetBeans 6.5\ide10\modules\ext\jaxb\jaxb-impl.jar;C:\Program Files\NetBeans 6.5\ide10\modules\ext\jaxb\jaxb-xjc.jar;C:\Program Files\NetBeans 6.5\ide10\modules\ext\jaxb\api\jsr173_api.jar" />
    <property name="do.depend" value="false" />
    <property name="dist.javadoc.dir" value="dist/javadoc" />
    <property name="libs.swing-layout.classpath" value="C:\Program Files\NetBeans 6.5\platform9\modules\ext\swing-layout-1.0.3.jar" />
    <property name="libs.restlib.src" value="" />
    <property name="javac.source" value="1.5" />
    <property name="build.generated.dir" value="build/generated" />
    <property name="libs.JavaFXUserLib.maven-pom" value="" />
    <property name="javadoc.reference.instinct-0.1.9.jar" value="../../downloads/instinct-0.1.9/instinct-0.1.9-javadoc.jar" />
    <property name="line.separator" value="
" />
    <property name="libs.hibernate-persistence.src" value="" />
    <property name="libs.proguard.src" value="" />
    <property name="libs.nb_svg_midp_components.javadoc" value="C:\Program Files\NetBeans 6.5\mobility8\modules\docs\nb_svg_midp_components-api.zip" />
    <property name="java.specification.version" value="1.6" />
    <property name="java.vm.info" value="mixed mode, sharing" />
    <property name="libs.jaxws21.maven-pom" value="" />
    <property name="libs.cdc-ant-utils.javadoc" value="" />
    <property name="libs.jsf12-support.classpath" value="C:\Program Files\NetBeans 6.5\visualweb2\modules\ext\jsfcl.jar;C:\Program Files\NetBeans 6.5\visualweb2\modules\ext\appbase.jar;C:\Program Files\NetBeans 6.5\visualweb2\modules\ext\dataprovider.jar;C:\Program Files\NetBeans 6.5\visualweb2\modules\ext\sqlx.jar" />
    <property name="libs.spring-framework.maven-pom" value="" />
    <property name="sun.boot.class.path" value="C:\Program Files\Java\jdk1.6.0_11\jre\lib\resources.jar;C:\Program Files\Java\jdk1.6.0_11\jre\lib\rt.jar;C:\Program Files\Java\jdk1.6.0_11\jre\lib\sunrsasign.jar;C:\Program Files\Java\jdk1.6.0_11\jre\lib\jsse.jar;C:\Program Files\Java\jdk1.6.0_11\jre\lib\jce.jar;C:\Program Files\Java\jdk1.6.0_11\jre\lib\charsets.jar;C:\Program Files\Java\jdk1.6.0_11\jre\classes" />
    <property name="libs.woodstock-components.javadoc" value="C:\Program Files\NetBeans 6.5\visualweb2\docs\webui-jsf-doc.zip;C:\Program Files\NetBeans 6.5\visualweb2\docs\webui-jsf-tld.zip" />
    <property name="javac.target" value="1.5" />
    <property name="build.test.classes.dir" value="build/test/classes" />
    <property name="src.dir" value="src" />
    <property name="libs.IdentityAntTasks.javadoc" value="" />
    <property name="sun.awt.keepWorkingSetOnMinimize" value="true" />
    <property name="libs.proguard.maven-pom" value="" />
    <property name="libs.DataBindingME-SVG.maven-pom" value="" />
    <property name="libs.portlet-runtime.maven-pom" value="" />
    <property name="libs.jsf12.src" value="" />
    <property name="libs.nokiadeployment.src" value="" />
    <property name="libs.savaje-ant-utils.javadoc" value="" />
    <property name="libs.JAVADB_DRIVER_LABEL.maven-pom" value="" />
    <property name="nbplatform.default.netbeans.dest.dir" value="C:\Program Files\NetBeans 6.5" />
    <property name="libs.struts.javadoc" value="C:\Program Files\NetBeans 6.5\enterprise5\docs\struts-1.2.9-javadoc.zip" />
    <property name="platforms.Sun_Java_TM__Wireless_Toolkit_2_5_2_for_CLDC.debugcommandline" value="" />
    <property name="jspctask.classpath" value="C:\Program Files\NetBeans 6.5\enterprise5\ant\extra\jspcompile.jar" />
    <property name="libs.cdc-ant-utils.maven-pom" value="" />
    <property name="libs.cdc-agui-swing-layout.classpath" value="C:\Program Files\NetBeans 6.5\mobility8\modules\ext\cdc-agui-swing-layout.jar" />
    <property name="libs.webui-designtime.classpath" value="C:\Program Files\NetBeans 6.5\visualweb2\modules\ext\webui.jar;C:\Program Files\NetBeans 6.5\enterprise5\modules\ext\commons-fileupload-1.0.jar" />
    <property name="dist.dir" value="dist" />
    <property name="libs.groovy-all.javadoc" value="" />
    <property name="libs.sjmc-ant-utils.classpath" value="C:\Program Files\NetBeans 6.5\mobility8\modules\ext\org-netbeans-modules-j2me-cdc-project-sjmc.jar" />
    <property name="libs.EclipseLink-GlassFish-V3.maven-pom" value="" />
    <property name="libs.groovy-all.classpath" value="C:\Program Files\NetBeans 6.5\groovy1\modules\ext\groovy-all.jar" />
    <property name="libs.JMUnit4CLDC10.classpath" value="C:\Program Files\NetBeans 6.5\mobility8\modules\ext\jmunit4cldc10-1.2.1.jar" />
    <property name="java.awt.printerjob" value="sun.awt.windows.WPrinterJob" />
    <property name="default.javac.source" value="1.6" />
    <property name="debug-transport-by-os" value="dt_shmem" />
    <property name="javac.compilerargs.jaxws" value="" />
    <property name="platforms.default_fx_platform.fxhome" value="C:\Program Files\NetBeans 6.5\javafx2\javafx-sdk" />
    <property name="sun.jnu.encoding" value="Cp1252" />
    <property name="libs.MySQLDriver.src" value="" />
    <property name="libs.ant-contrib.maven-pom" value="" />
    <property name="libs.nokiadeployment.javadoc" value="" />
    <property name="libs.woodstock-components.src" value="C:\Program Files\NetBeans 6.5\visualweb2\docs\webui-jsf-src.zip" />
    <property name="java.runtime.version" value="1.6.0_11-b03" />
    <property name="build.test.results.dir" value="build/test/results" />
    <property name="libs.ejb3-persistence.javadoc" value="" />
    <property name="libs.NetBeans MIDP Components.src" value="C:\Program Files\NetBeans 6.5\mobility8\sources\netbeans_midp_components_basic-src.zip" />
    <property name="libs.sjmc-ant-utils.javadoc" value="" />
    <property name="manifest.available+main.class+mkdist.available" value="true" />
    <property name="libs.EclipseLink-GlassFish-V3.src" value="" />
    <property name="default.javac.target" value="1.6" />
    <property name="libs.junit_4.classpath" value="C:\Program Files\NetBeans 6.5\platform9\modules\ext\junit-4.5.jar" />
    <property name="user.timezone" value="" />
    <property name="do.jar" value="true" />
    <property name="libs.jsfsupport-designtime.src" value="C:\Program Files\NetBeans 6.5\visualweb2\docs\appbase-src.zip;C:\Program Files\NetBeans 6.5\visualweb2\docs\dataprovider-src.zip;C:\Program Files\NetBeans 6.5\visualweb2\docs\jsfcl-src.zip" />
    <property name="libs.ant-contrib.src" value="" />
    <property name="libs.JAVADB_DRIVER_LABEL.javadoc" value="" />
    <property name="netbeans.dirs" value="C:\Program Files\NetBeans 6.5\nb6.5;C:\Program Files\NetBeans 6.5\ide10;C:\Program Files\NetBeans 6.5\java2;C:\Program Files\NetBeans 6.5\xml2;C:\Program Files\NetBeans 6.5\apisupport1;C:\Program Files\NetBeans 6.5\webcommon1;C:\Program Files\NetBeans 6.5\websvccommon1;C:\Program Files\NetBeans 6.5\enterprise5;C:\Program Files\NetBeans 6.5\mobility8;C:\Program Files\NetBeans 6.5\profiler3;C:\Program Files\NetBeans 6.5\gsf1;C:\Program Files\NetBeans 6.5\ruby2;C:\Program Files\NetBeans 6.5\php1;C:\Program Files\NetBeans 6.5\visualweb2;C:\Program Files\NetBeans 6.5\soa2;C:\Program Files\NetBeans 6.5\identity2;C:\Program Files\NetBeans 6.5\harness;C:\Program Files\NetBeans 6.5\cnd2;C:\Program Files\NetBeans 6.5\groovy1;C:\Program Files\NetBeans 6.5\javafx2" />
    <property name="ant.file.PPROG-SMT-impl" value="X:\NetBeans\PPROG-SMT\nbproject\build-impl.xml" />
    <property name="java.ext.dirs" value="C:\Program Files\Java\jdk1.6.0_11\jre\lib\ext;C:\WINDOWS\Sun\Java\lib\ext" />
    <property name="libs.exceptionhandler-runtime.src" value="" />
    <property name="libs.savaje-ant-utils.maven-pom" value="" />
    <property name="libs.semc-ant-utils.src" value="" />
    <property name="libs.absolutelayout.classpath" value="C:\Program Files\NetBeans 6.5\java2\modules\ext\AbsoluteLayout.jar" />
    <property name="excludes" value="" />
    <property name="libs.restlib.maven-pom" value="" />
    <property name="libs.DataBindingME.javadoc" value="C:\Program Files\NetBeans 6.5\mobility8\modules\docs\netbeans_databindingme-api.zip" />
    <property name="apple.laf.useScreenMenuBar" value="true" />
    <property name="java.class.path" value="X:\downloads\sqlitejdbc-v054.jar;X:\downloads\instinct-0.1.9\instinct-0.1.9.jar;X:\downloads\jbehave-core-2.1.1.jar;X:\NetBeans\PPROG-SMT\build\classes;C:\Program Files\NetBeans 6.5\platform9\modules\ext\junit-4.5.jar;X:\NetBeans\PPROG-SMT\build\test\classes;C:\Program Files\NetBeans 6.5\java2\ant\lib\ant-launcher.jar;C:\Program Files\NetBeans 6.5\java2\ant\lib\ant.jar;C:\Program Files\NetBeans 6.5\java2\ant\patches\72080.jar" />
    <property name="source.reference.jbehave-core-2.1.1.jar" value="../../downloads/jbehave-core-2.1.1-sources.jar" />
    <property name="libs.jsf-portlet-runtime-1.1.javadoc" value="" />
    <property name="libs.webui-designtime.javadoc" value="C:\Program Files\NetBeans 6.5\visualweb2\docs\webui-doc.zip" />
    <property name="libs.absolutelayout.src" value="" />
    <property name="libs.jsf-portlet-runtime-1.1.maven-pom" value="" />
    <property name="libs.cdc-pp-awt-layout.maven-pom" value="" />
    <property name="os.version" value="5.1" />
    <property name="application.args" value="" />
    <property name="libs.spring-portlet-lib.maven-pom" value="" />
    <property name="libs.jsf-portlet-runtime.src" value="" />
    <property name="libs.JMUnit4CLDC11.maven-pom" value="" />
    <property name="libs.toplink.javadoc" value="C:\Program Files\NetBeans 6.5\enterprise5\docs\javaee5-doc-api.zip" />
    <property name="sun.desktop" value="windows" />
    <property name="libs.nb_svg_midp_components.maven-pom" value="" />
    <property name="libs.ricoh-ant-utils.javadoc" value="" />
    <property name="libs.restlib.javadoc" value="C:\Program Files\NetBeans 6.5\enterprise5\docs\jersey-api-doc.zip" />
    <property name="libs.NetBeans MIDP Components PDA.maven-pom" value="" />
    <property name="libs.beans-binding.javadoc" value="C:\Program Files\NetBeans 6.5\java2\docs\beansbinding-1.2.1-doc.zip" />
    <property name="rave.version" value="2.0.0" />
    <property name="java.awt.graphicsenv" value="sun.awt.Win32GraphicsEnvironment" />
    <property name="java.vm.vendor" value="Sun Microsystems Inc." />
    <property name="libs.CopyLibs.classpath" value="C:\Program Files\NetBeans 6.5\java2\ant\extra\org-netbeans-modules-java-j2seproject-copylibstask.jar" />
    <property name="libs.spring-webmvc.maven-pom" value="" />
    <property name="jaxws.endorsed.dir" value="C:\Program Files\NetBeans 6.5\java2\modules\ext\jaxws21\api:C:\Program Files\NetBeans 6.5\ide10\modules\ext\jaxb\api" />
    <property name="run.jvmargs" value="" />
    <property name="libs.ejb3-persistence.classpath" value="C:\Program Files\NetBeans 6.5\java2\modules\ext\hibernate\ejb3-persistence.jar" />
    <property name="libs.spring-framework.javadoc" value="" />
    <property name="libs.DataBindingME-PIM.src" value="" />
    <property name="file.reference.jbehave-core-2.1.1.jar" value="..\..\downloads\jbehave-core-2.1.1.jar" />
    <property name="libs.jquery.scriptpath" value="C:\Program Files\NetBeans 6.5\webcommon1\modules\ext\javascript\jquery-1.2.6.zip" />
    <property name="libs.bdj-ant-utils.maven-pom" value="" />
    <property name="libs.PostgreSQLDriver.classpath" value="C:\Program Files\NetBeans 6.5\ide10\modules\ext\postgresql-8.3-603.jdbc3.jar" />
    <property name="libs.jsf12.maven-pom" value="" />
    <property name="libs.junit.src" value="" />
    <property name="main.class" value="pprogsmt.Main" />
    <property name="libs.CopyLibs.src" value="" />
    <property name="build.dir" value="build" />
    <property name="ant.version" value="Apache Ant version 1.7.1 compiled on June 27 2008" />
    <property name="file.encoding" value="Cp1252" />
    <property name="build.classes.excludes" value="**/*.java,**/*.form" />
    <property name="javadoc.nonavbar" value="false" />
    <property name="platform.active" value="default_platform" />
    <property name="awt.toolkit" value="sun.awt.windows.WToolkit" />
  </properties>
  <testcase classname="ClassesTeste.UtilizadorTest" name="testGetNome" time="0.016">
    <failure message="The test case is a prototype." type="junit.framework.AssertionFailedError">junit.framework.AssertionFailedError: The test case is a prototype.
	at ClassesTeste.UtilizadorTest.testGetNome(UtilizadorTest.java:51)
</failure>
  </testcase>
  <testcase classname="ClassesTeste.UtilizadorTest" name="testGetPassword" time="0.0">
    <failure message="The test case is a prototype." type="junit.framework.AssertionFailedError">junit.framework.AssertionFailedError: The test case is a prototype.
	at ClassesTeste.UtilizadorTest.testGetPassword(UtilizadorTest.java:65)
</failure>
  </testcase>
  <testcase classname="ClassesTeste.UtilizadorTest" name="testGerarPassword" time="0.0">
    <failure message="The test case is a prototype." type="junit.framework.AssertionFailedError">junit.framework.AssertionFailedError: The test case is a prototype.
	at ClassesTeste.UtilizadorTest.testGerarPassword(UtilizadorTest.java:78)
</failure>
  </testcase>
  <system-out><![CDATA[getNome
getPassword
gerarPassword
]]></system-out>
  <system-err><![CDATA[]]></system-err>
</testsuite>
